<?xml version="1.0" encoding="UTF-8"?>
<!-- Generated by org.testng.reporters.JUnitReportReporter -->
<testsuite skipped="0" hostname="BDC6-DX-6BWDNK2" name="selenium_day3.testNG_demo1" tests="2" failures="0" timestamp="2019-09-17T15:35:28 IST" time="0.008" errors="0">
  <testcase name="f1" time="0.002" classname="selenium_day3.testNG_demo1"/>
  <testcase name="f" time="0.006" classname="selenium_day3.testNG_demo1"/>
</testsuite> <!-- selenium_day3.testNG_demo1 -->
