<?xml version="1.0" encoding="UTF-8"?>
<!-- Generated by org.testng.reporters.JUnitReportReporter -->
<testsuite skipped="0" hostname="BDC6-DX-6BWDNK2" name="selenium_day3.popup_demo" tests="1" failures="0" timestamp="2019-09-18T12:57:10 IST" time="13.265" errors="0">
  <testcase name="f" time="13.265" classname="selenium_day3.popup_demo"/>
</testsuite> <!-- selenium_day3.popup_demo -->
