<?xml version="1.0" encoding="UTF-8"?>
<!-- Generated by org.testng.reporters.JUnitReportReporter -->
<testsuite skipped="0" hostname="BDC6-DX-6BWDNK2" name="selenium_day3.searchitem" tests="1" failures="0" timestamp="2019-09-18T16:15:50 IST" time="26.565" errors="0">
  <testcase name="f" time="26.565" classname="selenium_day3.searchitem"/>
</testsuite> <!-- selenium_day3.searchitem -->
