<?xml version="1.0" encoding="UTF-8"?>
<!-- Generated by org.testng.reporters.JUnitReportReporter -->
<testsuite skipped="0" hostname="BDC6-DX-6BWDNK2" name="selenium_day3.web_spartis" tests="1" failures="0" timestamp="2019-09-18T14:50:28 IST" time="20.108" errors="0">
  <testcase name="f" time="20.108" classname="selenium_day3.web_spartis"/>
</testsuite> <!-- selenium_day3.web_spartis -->
