<?xml version="1.0" encoding="UTF-8"?>
<!-- Generated by org.testng.reporters.JUnitReportReporter -->
<testsuite skipped="0" hostname="BDC6-DX-6BWDNK2" name="selenium_day3.windowshandling_demo" tests="1" failures="0" timestamp="2019-09-18T15:27:56 IST" time="31.023" errors="0">
  <testcase name="f" time="31.023" classname="selenium_day3.windowshandling_demo"/>
</testsuite> <!-- selenium_day3.windowshandling_demo -->
