<?xml version="1.0" encoding="UTF-8"?>
<!-- Generated by org.testng.reporters.JUnitReportReporter -->
<testsuite skipped="1" hostname="BDC6-DX-6BWDNK2" name="selenium_day3.NewTest" tests="3" failures="0" timestamp="2019-09-17T15:35:28 IST" time="0.005" errors="0">
  <testcase name="Register" time="0.002" classname="selenium_day3.NewTest"/>
  <testcase name="Logout" time="0.003" classname="selenium_day3.NewTest"/>
  <testcase name="Login" classname="selenium_day3.NewTest">
    <skipped/>
  </testcase> <!-- Login -->
</testsuite> <!-- selenium_day3.NewTest -->
